warning: virtual workspace defaulting to `resolver = "1"` despite one or more workspace members being on edition 2021 which implies `resolver = "2"`
  |
  = note: to keep the current resolver, specify `workspace.resolver = "1"` in the workspace root's manifest
  = note: to use the edition 2021 resolver, specify `workspace.resolver = "2"` in the workspace root's manifest
  = note: for more details see https://doc.rust-lang.org/cargo/reference/resolver.html#resolver-versions
warning: /home/ubuntu/Tokamak-zk-EVM/packages/backend/setup/mpc-setup/Cargo.toml: version requirement `5.0.0+20220225` for dependency `google-drive3` includes semver metadata which will be ignored, removing the metadata is recommended to avoid confusion
    Finished `release` profile [optimized] target(s) in 0.10s
     Running optimization/tests/timing.rs (target/release/deps/timing-aaffeeeabc9eb25a)

running 1 test
[WARNING] Defaulting to Ingonyama icicle-cuda-license-server at `5053@license.icicle.ingonyama.com`. For more information about icicle-cuda-license, please contact support@ingonyama.com.
[INFO] ICICLE backend loaded from /opt/icicle/lib/backend
CUDA is available
Using sparse R1CS uvwXY generation.
📊 Subcircuit uses: 13 unique, 166 total
  📋 Subcircuit 0 used 1 times
  📋 Subcircuit 1 used 1 times
  📋 Subcircuit 2 used 1 times
  📋 Subcircuit 3 used 1 times
  📋 Subcircuit 4 used 1 times
  📋 Subcircuit 5 used 88 times
  📋 Subcircuit 6 used 16 times
  📋 Subcircuit 7 used 2 times
  📋 Subcircuit 9 used 2 times
  📋 Subcircuit 10 used 13 times
  📋 Subcircuit 11 used 4 times
  📋 Subcircuit 12 used 1 times
  📋 Subcircuit 13 used 35 times
🔄 Starting binding computation (MSMs)...
test timing_prove_stages ... ok

test result: ok. 1 passed; 0 failed; 0 ignored; 0 measured; 0 filtered out; finished in 31.58s

	Command being timed: "env PROVE_QAP_PATH=/home/ubuntu/Tokamak-zk-EVM/packages/frontend/qap-compiler/subcircuits/library PROVE_SYNTHESIZER_PATH=/home/ubuntu/Tokamak-zk-EVM/packages/frontend/synthesizer/outputs PROVE_SETUP_PATH=/home/ubuntu/Tokamak-zk-EVM/packages/backend/setup/output PROVE_OUT_PATH=/home/ubuntu/Tokamak-zk-EVM/packages/backend/prove/output TIMING_OUT=/home/ubuntu/Tokamak-zk-EVM/packages/backend/prove/output/timing.remote.special-poly-mul-lite.cuda.json cargo test --release -p prove --features timing --test timing -- --nocapture"
	User time (seconds): 16.50
	System time (seconds): 21.54
	Percent of CPU this job got: 119%
	Elapsed (wall clock) time (h:mm:ss or m:ss): 0:31.77
	Average shared text size (kbytes): 0
	Average unshared data size (kbytes): 0
	Average stack size (kbytes): 0
	Average total size (kbytes): 0
	Maximum resident set size (kbytes): 1888480
	Average resident set size (kbytes): 0
	Major (requiring I/O) page faults: 0
	Minor (reclaiming a frame) page faults: 11090657
	Voluntary context switches: 52759
	Involuntary context switches: 6212
	Swaps: 0
	File system inputs: 0
	File system outputs: 72
	Socket messages sent: 0
	Socket messages received: 0
	Signals delivered: 0
	Page size (bytes): 4096
	Exit status: 0
