warning: virtual workspace defaulting to `resolver = "1"` despite one or more workspace members being on edition 2021 which implies `resolver = "2"`
  |
  = note: to keep the current resolver, specify `workspace.resolver = "1"` in the workspace root's manifest
  = note: to use the edition 2021 resolver, specify `workspace.resolver = "2"` in the workspace root's manifest
  = note: for more details see https://doc.rust-lang.org/cargo/reference/resolver.html#resolver-versions
warning: /home/ubuntu/Tokamak-zk-EVM/packages/backend/setup/mpc-setup/Cargo.toml: version requirement `5.0.0+20220225` for dependency `google-drive3` includes semver metadata which will be ignored, removing the metadata is recommended to avoid confusion
    Finished `release` profile [optimized] target(s) in 0.10s
     Running optimization/tests/timing.rs (target/release/deps/timing-aaffeeeabc9eb25a)

running 1 test
[WARNING] Defaulting to Ingonyama icicle-cuda-license-server at `5053@license.icicle.ingonyama.com`. For more information about icicle-cuda-license, please contact support@ingonyama.com.
[INFO] ICICLE backend loaded from /opt/icicle/lib/backend
CUDA is available
Using sparse CPU uvwXY generation while GPU remains active for later stages.
uvwXY.profile subcircuit=0 matrix=A uses=1 active_wires=130 nonzero_rows=65 entries=130 nanos=54291
uvwXY.profile subcircuit=0 matrix=B uses=1 active_wires=130 nonzero_rows=65 entries=130 nanos=51004
uvwXY.profile subcircuit=0 matrix=C uses=1 active_wires=130 nonzero_rows=65 entries=130 nanos=45608
uvwXY.profile subcircuit=1 matrix=A uses=1 active_wires=40 nonzero_rows=20 entries=40 nanos=32056
uvwXY.profile subcircuit=1 matrix=B uses=1 active_wires=40 nonzero_rows=20 entries=40 nanos=30123
uvwXY.profile subcircuit=1 matrix=C uses=1 active_wires=40 nonzero_rows=20 entries=40 nanos=24652
uvwXY.profile subcircuit=2 matrix=A uses=1 active_wires=48 nonzero_rows=24 entries=48 nanos=50382
uvwXY.profile subcircuit=2 matrix=B uses=1 active_wires=48 nonzero_rows=24 entries=48 nanos=38864
uvwXY.profile subcircuit=2 matrix=C uses=1 active_wires=48 nonzero_rows=24 entries=48 nanos=30811
uvwXY.profile subcircuit=3 matrix=A uses=1 active_wires=1200 nonzero_rows=600 entries=1200 nanos=200623
uvwXY.profile subcircuit=3 matrix=B uses=1 active_wires=1200 nonzero_rows=600 entries=1200 nanos=170788
uvwXY.profile subcircuit=3 matrix=C uses=1 active_wires=1200 nonzero_rows=600 entries=1200 nanos=154569
uvwXY.profile subcircuit=4 matrix=A uses=1 active_wires=2120 nonzero_rows=1060 entries=2120 nanos=415232
uvwXY.profile subcircuit=4 matrix=B uses=1 active_wires=2120 nonzero_rows=1060 entries=2120 nanos=357146
uvwXY.profile subcircuit=4 matrix=C uses=1 active_wires=2120 nonzero_rows=1060 entries=2120 nanos=316275
uvwXY.profile subcircuit=5 matrix=A uses=88 active_wires=1367 nonzero_rows=2169 entries=3498 nanos=31595867
uvwXY.profile subcircuit=5 matrix=B uses=88 active_wires=1365 nonzero_rows=2169 entries=2172 nanos=24442861
uvwXY.profile subcircuit=5 matrix=C uses=88 active_wires=2285 nonzero_rows=943 entries=4292 nanos=43077649
uvwXY.profile subcircuit=6 matrix=A uses=16 active_wires=1743 nonzero_rows=2025 entries=3559 nanos=6178679
uvwXY.profile subcircuit=6 matrix=B uses=16 active_wires=1799 nonzero_rows=2025 entries=2025 nanos=5119148
uvwXY.profile subcircuit=6 matrix=C uses=16 active_wires=2986 nonzero_rows=1263 entries=4330 nanos=9762934
uvwXY.profile subcircuit=7 matrix=A uses=2 active_wires=257 nonzero_rows=256 entries=512 nanos=168925
uvwXY.profile subcircuit=7 matrix=B uses=2 active_wires=256 nonzero_rows=256 entries=256 nanos=122853
uvwXY.profile subcircuit=7 matrix=C uses=2 active_wires=258 nonzero_rows=2 entries=258 nanos=108103
uvwXY.profile subcircuit=9 matrix=A uses=2 active_wires=260 nonzero_rows=259 entries=517 nanos=191747
uvwXY.profile subcircuit=9 matrix=B uses=2 active_wires=259 nonzero_rows=259 entries=259 nanos=127628
uvwXY.profile subcircuit=9 matrix=C uses=2 active_wires=453 nonzero_rows=71 entries=558 nanos=328632
uvwXY.profile subcircuit=10 matrix=A uses=13 active_wires=1452 nonzero_rows=1464 entries=1464 nanos=142886930
uvwXY.profile subcircuit=10 matrix=B uses=13 active_wires=984 nonzero_rows=1464 entries=1464 nanos=107876411
uvwXY.profile subcircuit=10 matrix=C uses=13 active_wires=3808 nonzero_rows=3787 entries=9611 nanos=350043540
uvwXY.profile subcircuit=11 matrix=A uses=4 active_wires=1667 nonzero_rows=3200 entries=3584 nanos=71862981
uvwXY.profile subcircuit=11 matrix=B uses=4 active_wires=1408 nonzero_rows=3200 entries=3200 nanos=66520839
uvwXY.profile subcircuit=11 matrix=C uses=4 active_wires=2966 nonzero_rows=3336 entries=4888 nanos=103823635
uvwXY.profile subcircuit=12 matrix=A uses=1 active_wires=12 nonzero_rows=19 entries=19 nanos=34788
uvwXY.profile subcircuit=12 matrix=B uses=1 active_wires=11 nonzero_rows=19 entries=19 nanos=33057
uvwXY.profile subcircuit=12 matrix=C uses=1 active_wires=34 nonzero_rows=26 entries=49 nanos=43764
uvwXY.profile subcircuit=13 matrix=A uses=35 active_wires=1483 nonzero_rows=1512 entries=1530 nanos=237781000
uvwXY.profile subcircuit=13 matrix=B uses=35 active_wires=1020 nonzero_rows=1512 entries=1512 nanos=162050567
uvwXY.profile subcircuit=13 matrix=C uses=35 active_wires=3888 nonzero_rows=3854 entries=9754 nanos=592212474
📊 Subcircuit uses: 13 unique, 166 total
  📋 Subcircuit 0 used 1 times
  📋 Subcircuit 1 used 1 times
  📋 Subcircuit 2 used 1 times
  📋 Subcircuit 3 used 1 times
  📋 Subcircuit 4 used 1 times
  📋 Subcircuit 5 used 88 times
  📋 Subcircuit 6 used 16 times
  📋 Subcircuit 7 used 2 times
  📋 Subcircuit 9 used 2 times
  📋 Subcircuit 10 used 13 times
  📋 Subcircuit 11 used 4 times
  📋 Subcircuit 12 used 1 times
  📋 Subcircuit 13 used 35 times
🔄 Starting binding computation (MSMs)...
test timing_prove_stages ... ok

test result: ok. 1 passed; 0 failed; 0 ignored; 0 measured; 0 filtered out; finished in 40.08s

	Command being timed: "env TOKAMAK_UVWXY_PROFILE=1 PROVE_QAP_PATH=/home/ubuntu/Tokamak-zk-EVM/packages/frontend/qap-compiler/subcircuits/library PROVE_SYNTHESIZER_PATH=/home/ubuntu/Tokamak-zk-EVM/packages/frontend/synthesizer/outputs PROVE_SETUP_PATH=/home/ubuntu/Tokamak-zk-EVM/packages/backend/setup/output PROVE_OUT_PATH=/home/ubuntu/Tokamak-zk-EVM/packages/backend/prove/output TIMING_OUT=/home/ubuntu/Tokamak-zk-EVM/packages/backend/prove/output/timing.remote.hybrid-sparse-uvw.profile.cuda.json cargo test --release -p prove --features timing --test timing -- --nocapture"
	User time (seconds): 20.80
	System time (seconds): 24.57
	Percent of CPU this job got: 112%
	Elapsed (wall clock) time (h:mm:ss or m:ss): 0:40.27
	Average shared text size (kbytes): 0
	Average unshared data size (kbytes): 0
	Average stack size (kbytes): 0
	Average total size (kbytes): 0
	Maximum resident set size (kbytes): 5999744
	Average resident set size (kbytes): 0
	Major (requiring I/O) page faults: 0
	Minor (reclaiming a frame) page faults: 14058576
	Voluntary context switches: 40027
	Involuntary context switches: 5291
	Swaps: 0
	File system inputs: 0
	File system outputs: 88
	Socket messages sent: 0
	Socket messages received: 0
	Signals delivered: 0
	Page size (bytes): 4096
	Exit status: 0
