warning: virtual workspace defaulting to `resolver = "1"` despite one or more workspace members being on edition 2021 which implies `resolver = "2"`
note: to keep the current resolver, specify `workspace.resolver = "1"` in the workspace root's manifest
note: to use the edition 2021 resolver, specify `workspace.resolver = "2"` in the workspace root's manifest
note: for more details see https://doc.rust-lang.org/cargo/reference/resolver.html#resolver-versions
warning: /Users/jehyuk/Documents/repo/Tokamak-zk-EVM/packages/backend/setup/mpc-setup/Cargo.toml: version requirement `5.0.0+20220225` for dependency `google-drive3` includes semver metadata which will be ignored, removing the metadata is recommended to avoid confusion
    Finished `release` profile [optimized] target(s) in 0.15s
     Running optimization/tests/timing.rs (target/release/deps/timing-2cc2b30db458d8c9)

running 1 test
[INFO] Failed to load backend from any known directory.
GPU is not available, falling back to CPU only
Using sparse R1CS uvwXY generation.
📊 Subcircuit uses: 13 unique, 166 total
  📋 Subcircuit 0 used 1 times
  📋 Subcircuit 1 used 1 times
  📋 Subcircuit 2 used 1 times
  📋 Subcircuit 3 used 1 times
  📋 Subcircuit 4 used 1 times
  📋 Subcircuit 5 used 88 times
  📋 Subcircuit 6 used 16 times
  📋 Subcircuit 7 used 2 times
  📋 Subcircuit 9 used 2 times
  📋 Subcircuit 10 used 13 times
  📋 Subcircuit 11 used 4 times
  📋 Subcircuit 12 used 1 times
  📋 Subcircuit 13 used 35 times
🔄 Starting binding computation (MSMs)...
test timing_prove_stages ... ok

test result: ok. 1 passed; 0 failed; 0 ignored; 0 measured; 0 filtered out; finished in 57.17s

real 58.67
user 434.13
sys 57.38
